{
  "stats": {
    "suites": 1,
    "tests": 1,
    "passes": 1,
    "pending": 0,
    "failures": 0,
    "start": "2024-11-18T19:17:49.759Z",
    "end": "2024-11-18T19:17:50.938Z",
    "duration": 1179,
    "testsRegistered": 1,
    "passPercent": 100,
    "pendingPercent": 0,
    "other": 0,
    "hasOther": false,
    "skipped": 0,
    "hasSkipped": false
  },
  "results": [
    {
      "uuid": "c8a93478-7f5d-4365-8058-cc3055c1b39b",
      "title": "",
      "fullFile": "/Users/rajnishparmar/Documents/myTest/test.js",
      "file": "/test.js",
      "beforeHooks": [],
      "afterHooks": [],
      "tests": [],
      "suites": [
        {
          "uuid": "0562c3a9-9ee0-4bbc-8961-adcb50dc1b80",
          "title": "API tests for pet management ",
          "fullFile": "/Users/rajnishparmar/Documents/myTest/test.js",
          "file": "/test.js",
          "beforeHooks": [],
          "afterHooks": [],
          "tests": [
            {
              "title": "GET Repo",
              "fullTitle": "API tests for pet management  GET Repo",
              "timedOut": false,
              "duration": 1173,
              "state": "passed",
              "speed": "slow",
              "pass": true,
              "fail": false,
              "pending": false,
              "context": null,
              "code": "chai.request(\"https://api.github.com/\")\n.post(\"user/repos\")\n.set(\"Authorization\", \"Bearer \" + \"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\")\n.send({\n  \"name\": \"code repo5\",\n  \"description\": \"test 5\"\n})\n.end(function(err, res){\n  console.log(res.statusCode)\n  if(err){\n   done(err);\n   }\n      done();\n  })",
              "err": {},
              "uuid": "ccbf6ebb-f323-4349-a49b-e40d2c3a9bd9",
              "parentUUID": "0562c3a9-9ee0-4bbc-8961-adcb50dc1b80",
              "isHook": false,
              "skipped": false
            }
          ],
          "suites": [],
          "passes": [
            "ccbf6ebb-f323-4349-a49b-e40d2c3a9bd9"
          ],
          "failures": [],
          "pending": [],
          "skipped": [],
          "duration": 1173,
          "root": false,
          "rootEmpty": false,
          "_timeout": 2000
        }
      ],
      "passes": [],
      "failures": [],
      "pending": [],
      "skipped": [],
      "duration": 0,
      "root": true,
      "rootEmpty": true,
      "_timeout": 2000
    }
  ],
  "meta": {
    "mocha": {
      "version": "8.4.0"
    },
    "mochawesome": {
      "options": {
        "quiet": false,
        "reportFilename": "mochawesome",
        "saveHtml": true,
        "saveJson": true,
        "consoleReporter": "spec",
        "useInlineDiffs": false,
        "code": true
      },
      "version": "7.1.3"
    },
    "marge": {
      "options": null,
      "version": "6.2.0"
    }
  }
}