{
  "stats": {
    "suites": 2,
    "tests": 2,
    "passes": 2,
    "pending": 0,
    "failures": 0,
    "start": "2024-11-19T04:47:06.606Z",
    "end": "2024-11-19T04:47:07.163Z",
    "duration": 557,
    "testsRegistered": 2,
    "passPercent": 100,
    "pendingPercent": 0,
    "other": 0,
    "hasOther": false,
    "skipped": 0,
    "hasSkipped": false
  },
  "results": [
    {
      "uuid": "9b286a59-6d1f-4049-81b8-89e69d5bca33",
      "title": "",
      "fullFile": "",
      "file": "",
      "beforeHooks": [],
      "afterHooks": [],
      "tests": [],
      "suites": [
        {
          "uuid": "da09e08a-3fb0-40c5-9e1f-5daa791d4584",
          "title": "API tests for pet management ",
          "fullFile": "/Users/rajnishparmar/Documents/myTest/my_test/github_req1/test.js",
          "file": "/github_req1/test.js",
          "beforeHooks": [],
          "afterHooks": [],
          "tests": [
            {
              "title": "GET Repo",
              "fullTitle": "API tests for pet management  GET Repo",
              "timedOut": false,
              "duration": 295,
              "state": "passed",
              "speed": "slow",
              "pass": true,
              "fail": false,
              "pending": false,
              "context": null,
              "code": "chai.request(\"https://api.github.com/\")\n.post(\"user/repos\")\n.set(\"Authorization\", \"Bearer \" + \"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\")\n.send({\n  \"name\": \"code repo5\",\n  \"description\": \"test 5\"\n})\n.end(function(err, res){\n  console.log(res.statusCode)\n  if(err){\n   done(err);\n   }\n      done();\n  })",
              "err": {},
              "uuid": "d79a8ebe-dd2d-4ac8-99ee-6947dbd77583",
              "parentUUID": "da09e08a-3fb0-40c5-9e1f-5daa791d4584",
              "isHook": false,
              "skipped": false
            }
          ],
          "suites": [],
          "passes": [
            "d79a8ebe-dd2d-4ac8-99ee-6947dbd77583"
          ],
          "failures": [],
          "pending": [],
          "skipped": [],
          "duration": 295,
          "root": false,
          "rootEmpty": false,
          "_timeout": 2000
        },
        {
          "uuid": "3e3ea090-3226-4c58-a058-79d61048f4b6",
          "title": "API test for pet management ",
          "fullFile": "/Users/rajnishparmar/Documents/myTest/my_test/github_req2/test.js",
          "file": "/github_req2/test.js",
          "beforeHooks": [],
          "afterHooks": [],
          "tests": [
            {
              "title": "GET Repo",
              "fullTitle": "API test for pet management  GET Repo",
              "timedOut": false,
              "duration": 254,
              "state": "passed",
              "speed": "slow",
              "pass": true,
              "fail": false,
              "pending": false,
              "context": null,
              "code": "chai.request(\"https://api.github.com/\")\n.post(\"user/repos\")\n.set(\"Authorization\", \"Bearer \" + \"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\")\n.send({\n  \"name\": \"code repo5\",\n  \"description\": \"test 5\"\n})\n.end(function(err, res){\n  console.log(res.statusCode)\n  if(err){\n   done(err);\n   }\n      done();\n  })",
              "err": {},
              "uuid": "d1a1553e-b30c-4daa-8319-f4ea1c64cfa5",
              "parentUUID": "3e3ea090-3226-4c58-a058-79d61048f4b6",
              "isHook": false,
              "skipped": false
            }
          ],
          "suites": [],
          "passes": [
            "d1a1553e-b30c-4daa-8319-f4ea1c64cfa5"
          ],
          "failures": [],
          "pending": [],
          "skipped": [],
          "duration": 254,
          "root": false,
          "rootEmpty": false,
          "_timeout": 2000
        }
      ],
      "passes": [],
      "failures": [],
      "pending": [],
      "skipped": [],
      "duration": 0,
      "root": true,
      "rootEmpty": true,
      "_timeout": 2000
    }
  ],
  "meta": {
    "mocha": {
      "version": "8.4.0"
    },
    "mochawesome": {
      "options": {
        "quiet": false,
        "reportFilename": "mochawesome",
        "saveHtml": true,
        "saveJson": true,
        "consoleReporter": "spec",
        "useInlineDiffs": false,
        "code": true
      },
      "version": "7.1.3"
    },
    "marge": {
      "options": null,
      "version": "6.2.0"
    }
  }
}